============================================================================================== 
Warning! Mixing Conda and module environments may lead to corruption of the
user environment. 
We do not recommend users mixing those two environments unless absolutely
necessary. Note that 
SURF does not provide any support for Conda environment.
For more information, please refer to our software policy page:
https://servicedesk.surf.nl/wiki/display/WIKI/Software+policy+Snellius#SoftwarepolicySnellius-UseofAnacondaandMinicondaenvironmentsonSnellius 

Remember that many packages have already been installed on the system and can
be loaded using 
the 'module load <package__name>' command. If you are uncertain if a package is
already available 
on the system, please use 'module avail' or 'module spider' to search for it.
============================================================================================== 
Processing videos: 0it [00:00, ?it/s]Processing videos: 1it [00:13, 13.71s/it]Processing videos: 2it [00:26, 12.97s/it]Processing videos: 3it [00:38, 12.90s/it]Processing videos: 4it [00:51, 12.85s/it]Processing videos: 5it [01:06, 13.57s/it]Processing videos: 6it [01:20, 13.64s/it]Processing videos: 7it [01:34, 13.72s/it]Processing videos: 8it [01:46, 13.25s/it]Processing videos: 9it [02:02, 14.05s/it]Processing videos: 10it [02:15, 13.86s/it]Processing videos: 11it [02:28, 13.47s/it]Processing videos: 12it [02:42, 13.62s/it]Processing videos: 13it [02:54, 13.23s/it]Processing videos: 14it [03:08, 13.48s/it]Processing videos: 15it [03:20, 12.91s/it]Processing videos: 16it [03:32, 12.67s/it]Processing videos: 17it [03:46, 13.20s/it]Processing videos: 18it [03:59, 13.13s/it]Processing videos: 19it [04:12, 12.90s/it]Processing videos: 20it [04:23, 12.40s/it]Processing videos: 21it [04:35, 12.20s/it]Processing videos: 22it [04:46, 12.04s/it]Processing videos: 23it [04:58, 11.92s/it]Processing videos: 24it [05:10, 11.83s/it]Processing videos: 25it [05:22, 11.93s/it]Processing videos: 26it [05:33, 11.86s/it]Processing videos: 27it [05:45, 11.77s/it]Processing videos: 28it [05:57, 11.81s/it]Processing videos: 29it [06:08, 11.72s/it]Processing videos: 30it [06:20, 11.70s/it]Processing videos: 31it [06:32, 11.77s/it]Processing videos: 32it [06:44, 11.91s/it]Processing videos: 33it [06:56, 11.98s/it]Processing videos: 34it [07:09, 12.12s/it]Processing videos: 34it [07:09, 12.63s/it]
Traceback (most recent call last):
  File "/home/scur1900/.conda/envs/verlenv/lib/python3.10/site-packages/huggingface_hub/utils/_http.py", line 402, in hf_raise_for_status
    response.raise_for_status()
  File "/home/scur1900/.conda/envs/verlenv/lib/python3.10/site-packages/requests/models.py", line 1026, in raise_for_status
    raise HTTPError(http_error_msg, response=self)
requests.exceptions.HTTPError: 401 Client Error: Unauthorized for url: https://huggingface.co/datasets/builddotai/Egocentric-10K/resolve/d5c3224f6ed4bcb7dfc93f6fbdcd8890e6d67845/factory_001/workers/worker_004/factory001_worker004_part01.tar

The above exception was the direct cause of the following exception:

Traceback (most recent call last):
  File "/gpfs/home4/scur1900/cosmos-finetune/src/data/cache_latents.py", line 221, in <module>
    main()
  File "/gpfs/home4/scur1900/cosmos-finetune/src/data/cache_latents.py", line 133, in main
    for i, sample in enumerate(tqdm(dataset, desc="Processing videos")):
  File "/home/scur1900/.conda/envs/verlenv/lib/python3.10/site-packages/tqdm/std.py", line 1181, in __iter__
    for obj in iterable:
  File "/home/scur1900/.conda/envs/verlenv/lib/python3.10/site-packages/datasets/iterable_dataset.py", line 2543, in __iter__
    for key, example in ex_iterable:
  File "/home/scur1900/.conda/envs/verlenv/lib/python3.10/site-packages/datasets/iterable_dataset.py", line 2060, in __iter__
    for key, pa_table in self._iter_arrow():
  File "/home/scur1900/.conda/envs/verlenv/lib/python3.10/site-packages/datasets/iterable_dataset.py", line 2083, in _iter_arrow
    for key, pa_table in self.ex_iterable._iter_arrow():
  File "/home/scur1900/.conda/envs/verlenv/lib/python3.10/site-packages/datasets/iterable_dataset.py", line 544, in _iter_arrow
    for key, pa_table in iterator:
  File "/home/scur1900/.conda/envs/verlenv/lib/python3.10/site-packages/datasets/iterable_dataset.py", line 164, in _convert_to_arrow
    for key, example in iterator:
  File "/home/scur1900/.conda/envs/verlenv/lib/python3.10/site-packages/datasets/iterable_dataset.py", line 271, in __iter__
    for key_example in islice(self.generate_examples_fn(**gen_kwags), shard_example_idx_start, None):
  File "/home/scur1900/.conda/envs/verlenv/lib/python3.10/site-packages/datasets/packaged_modules/webdataset/webdataset.py", line 119, in _generate_examples
    for example_idx, example in enumerate(self._get_pipeline_from_tar(tar_path, tar_iterator)):
  File "/home/scur1900/.conda/envs/verlenv/lib/python3.10/site-packages/datasets/packaged_modules/webdataset/webdataset.py", line 33, in _get_pipeline_from_tar
    for filename, f in tar_iterator:
  File "/home/scur1900/.conda/envs/verlenv/lib/python3.10/site-packages/datasets/utils/track.py", line 49, in __iter__
    for x in self.generator(*self.args):
  File "/home/scur1900/.conda/envs/verlenv/lib/python3.10/site-packages/datasets/utils/file_utils.py", line 1363, in _iter_from_urlpath
    yield from cls._iter_tar(f)
  File "/home/scur1900/.conda/envs/verlenv/lib/python3.10/site-packages/datasets/utils/file_utils.py", line 1314, in _iter_tar
    stream = tarfile.open(fileobj=f, mode="r|*")
  File "/home/scur1900/.conda/envs/verlenv/lib/python3.10/tarfile.py", line 1883, in open
    stream = _Stream(name, filemode, comptype, fileobj, bufsize)
  File "/home/scur1900/.conda/envs/verlenv/lib/python3.10/tarfile.py", line 354, in __init__
    fileobj = _StreamProxy(fileobj)
  File "/home/scur1900/.conda/envs/verlenv/lib/python3.10/tarfile.py", line 581, in __init__
    self.buf = self.fileobj.read(BLOCKSIZE)
  File "/home/scur1900/.conda/envs/verlenv/lib/python3.10/site-packages/datasets/utils/file_utils.py", line 825, in read_with_retries
    out = read(*args, **kwargs)
  File "/home/scur1900/.conda/envs/verlenv/lib/python3.10/site-packages/huggingface_hub/hf_file_system.py", line 1078, in read
    hf_raise_for_status(self.response)
  File "/home/scur1900/.conda/envs/verlenv/lib/python3.10/site-packages/huggingface_hub/utils/_http.py", line 452, in hf_raise_for_status
    raise _format(RepositoryNotFoundError, message, response) from e
huggingface_hub.errors.RepositoryNotFoundError: 401 Client Error. (Request ID: Root=1-695d5b98-5fd7ec31311beadf1ed4905a;50e263f5-7197-4463-88a6-b605d9071900)

Repository Not Found for url: https://huggingface.co/datasets/builddotai/Egocentric-10K/resolve/d5c3224f6ed4bcb7dfc93f6fbdcd8890e6d67845/factory_001/workers/worker_004/factory001_worker004_part01.tar.
Please make sure you specified the correct `repo_id` and `repo_type`.
If you are trying to access a private or gated repo, make sure you are authenticated. For more details, see https://huggingface.co/docs/huggingface_hub/authentication
User Access Token "dffdfdfd" is expired
